<?xml version="1.0" encoding="UTF-8"?>
<!-- Generated by org.testng.reporters.JUnitReportReporter -->
<testsuite hostname="Shreyas" failures="0" tests="1" name="tests.SampleTest" time="9.949" errors="0" timestamp="2021-04-16T19:56:15 IST" skipped="0">
  <testcase classname="tests.SampleTest" name="test" time="9.949"/>
  <system-out/>
</testsuite> <!-- tests.SampleTest -->
